<?xml version="1.0" encoding="UTF-8"?>
<beans xmlns="http://www.springframework.org/schema/beans"
	xmlns:xsi="http://www.w3.org/2001/XMLSchema-instance"
	xmlns:context="http://www.springframework.org/schema/context"
	xsi:schemaLocation="http://www.springframework.org/schema/beans http://www.springframework.org/schema/beans/spring-beans.xsd
		http://www.springframework.org/schema/context http://www.springframework.org/schema/context/spring-context-3.1.xsd">
	
	<import resource="classpath*:/META-INF/spring/services.xml" />
	
	<context:annotation-config />
	
	<bean id="transactionManager" class="org.springframework.orm.jpa.JpaTransactionManager">
		<property name="entityManagerFactory" ref="emf" />
	</bean>
	
	<bean id="passwordEncoder" class="org.springframework.security.authentication.encoding.ShaPasswordEncoder" />

	<bean id="dataSource" class="org.apache.commons.dbcp.BasicDataSource" destroy-method="close">
		<property name="driverClassName" value="org.h2.Driver" />
		<property name="url" value="jdbc:h2:mem:user" />
		<property name="username" value="sa" />
		<property name="password" value="sa" />
	</bean>
	
	<bean id="emf" class="org.springframework.orm.jpa.LocalContainerEntityManagerFactoryBean">
		<property name="dataSource" ref="dataSource" />
		<property name="packagesToScan">
			<list>
				<value>com.bearprogrammer.user</value>
			</list>
		</property>
		<property name="persistenceProvider">
			<bean class="org.hibernate.ejb.HibernatePersistence" />
		</property>
		<property name="jpaProperties">
			<map>
				<entry key="hibernate.dialect" value="org.hibernate.dialect.H2Dialect" />
				<entry key="hibernate.hbm2ddl.auto" value="create-drop" />
			</map>
		</property>
	</bean>

</beans>
